<?xml version="1.0" encoding="UTF-8"?>
<!-- Generated by org.testng.reporters.JUnitXMLReporter -->
<testsuite ignored="0" hostname="DESKTOP-ALU41OF" failures="0" tests="22" name="Test" time="5.94" errors="0" timestamp="2023-05-04T17:13:53 EET">
  <testcase classname="TestCases" name="Check_Default_Language" time="0.717"/>
  <testcase classname="TestCases" name="Check_Currency" time="0.097"/>
  <testcase classname="TestCases" name="Check_Contact_Number" time="0.648"/>
  <testcase classname="TestCases" name="Check_Qitaf_Logo_IfISThere" time="0.55"/>
  <testcase classname="TestCases" name="Hotel_Tab_Is_Not_Selected" time="0.039"/>
  <testcase classname="TestCases" name="Check_The_Depature_Date" time="0.042"/>
  <testcase classname="TestCases" name="Check_The_Return_Date" time="0.043"/>
  <testcase classname="TestCases" name="Check_Random_Language" time="0.052"/>
  <testcase classname="TestCases" name="Check_Random_Language" time="0.039"/>
  <testcase classname="TestCases" name="Check_Random_Language" time="0.051"/>
  <testcase classname="TestCases" name="Check_Random_Language" time="0.053"/>
  <testcase classname="TestCases" name="Check_Random_Language" time="0.04"/>
  <testcase classname="TestCases" name="Check_Random_Language" time="0.056"/>
  <testcase classname="TestCases" name="Check_Random_Language" time="0.042"/>
  <testcase classname="TestCases" name="Check_Random_Language" time="0.039"/>
  <testcase classname="TestCases" name="Check_Random_Language" time="0.038"/>
  <testcase classname="TestCases" name="Check_Random_Language" time="0.034"/>
  <testcase classname="TestCases" name="Check_Random_Language" time="0.04"/>
  <testcase classname="TestCases" name="Check_Random_Language" time="0.041"/>
  <testcase classname="TestCases" name="Check_Random_Language" time="0.036"/>
  <testcase classname="TestCases" name="Check_Random_Language" time="0.034"/>
  <testcase classname="TestCases" name="Check_Random_Language" time="0.032"/>
</testsuite> <!-- Test -->
