<?xml version="1.0" encoding="UTF-8"?>
<testng-results ignored="0" total="6" passed="6" failed="0" skipped="0">
  <reporter-output>
  </reporter-output>
  <suite started-at="2023-05-12T09:36:48 EET" name="Default suite" finished-at="2023-05-12T09:37:42 EET" duration-ms="53908">
    <groups>
    </groups>
    <test started-at="2023-05-12T09:36:48 EET" name="Default test" finished-at="2023-05-12T09:37:42 EET" duration-ms="53908">
      <class name="TestCases">
        <test-method is-config="true" signature="preTest()[pri:0, instance:TestCases@ba1f559]" started-at="2023-05-12T09:36:48 EET" name="preTest" finished-at="2023-05-12T09:36:51 EET" duration-ms="2413" status="PASS">
          <reporter-output>
          </reporter-output>
        </test-method> <!-- preTest -->
        <test-method signature="Check_Default_Language()[pri:1, instance:TestCases@ba1f559]" started-at="2023-05-12T09:36:51 EET" name="Check_Default_Language" description="Test Number 1" finished-at="2023-05-12T09:36:51 EET" duration-ms="122" status="PASS">
          <reporter-output>
          </reporter-output>
        </test-method> <!-- Check_Default_Language -->
        <test-method signature="Search_For_Hotels()[pri:9, instance:TestCases@ba1f559]" started-at="2023-05-12T09:36:51 EET" name="Search_For_Hotels" description="Test Number 9" finished-at="2023-05-12T09:37:31 EET" duration-ms="40041" status="PASS">
          <reporter-output>
          </reporter-output>
        </test-method> <!-- Search_For_Hotels -->
        <test-method signature="Randomly_Select_Number_ofVisitors()[pri:10, instance:TestCases@ba1f559]" started-at="2023-05-12T09:37:31 EET" name="Randomly_Select_Number_ofVisitors" description="Test Number 10" finished-at="2023-05-12T09:37:31 EET" duration-ms="279" status="PASS">
          <reporter-output>
          </reporter-output>
        </test-method> <!-- Randomly_Select_Number_ofVisitors -->
        <test-method signature="Search_Hotel()[pri:11, instance:TestCases@ba1f559]" started-at="2023-05-12T09:37:31 EET" name="Search_Hotel" description="Test Number 11" finished-at="2023-05-12T09:37:33 EET" duration-ms="1383" status="PASS">
          <reporter-output>
          </reporter-output>
        </test-method> <!-- Search_Hotel -->
        <test-method signature="DoneSearching()[pri:12, instance:TestCases@ba1f559]" started-at="2023-05-12T09:37:33 EET" name="DoneSearching" description="Test Number 12" finished-at="2023-05-12T09:37:42 EET" duration-ms="9557" status="PASS">
          <reporter-output>
          </reporter-output>
        </test-method> <!-- DoneSearching -->
        <test-method signature="Sorting_Lowest_To_Highest_Price()[pri:13, instance:TestCases@ba1f559]" started-at="2023-05-12T09:37:42 EET" name="Sorting_Lowest_To_Highest_Price" description="Test Number 13" finished-at="2023-05-12T09:37:42 EET" duration-ms="3" status="PASS">
          <reporter-output>
          </reporter-output>
        </test-method> <!-- Sorting_Lowest_To_Highest_Price -->
      </class> <!-- TestCases -->
    </test> <!-- Default test -->
  </suite> <!-- Default suite -->
</testng-results>
